This file contains any messages produced by compilers while
running configure, to aid debugging if configure makes a mistake.

It was created by configure, which was
generated by GNU Autoconf 2.67.  Invocation command line was

  $ ./configure --no-create --no-recursion

## --------- ##
## Platform. ##
## --------- ##

hostname = ankit-HP
uname -m = i686
uname -r = 2.6.35-22-generic
uname -s = Linux
uname -v = #33-Ubuntu SMP Sun Sep 19 20:34:50 UTC 2010

/usr/bin/uname -p = unknown
/bin/uname -X     = unknown

/bin/arch              = unknown
/usr/bin/arch -k       = unknown
/usr/convex/getsysinfo = unknown
/usr/bin/hostinfo      = unknown
/bin/machine           = unknown
/usr/bin/oslevel       = unknown
/bin/universe          = unknown

PATH: /usr/local/sbin
PATH: /usr/local/bin
PATH: /usr/sbin
PATH: /usr/bin
PATH: /sbin
PATH: /bin
PATH: /usr/X11R6/bin


## ----------- ##
## Core tests. ##
## ----------- ##

configure:2605: checking build system type
configure:2619: result: i686-pc-linux-gnu
configure:2639: checking host system type
configure:2652: result: i686-pc-linux-gnu
configure:2672: checking target system type
configure:2685: result: i686-pc-linux-gnu
configure:2718: checking for git
configure:2736: found /usr/bin/git
configure:2748: result: /usr/bin/git
configure:2758: checking existence of git version control directory
configure:2791: result: not found
configure:2822: GNU Radio Release 3.3.0
configure:2844: checking for a BSD-compatible install
configure:2912: result: /usr/bin/install -c
configure:2923: checking whether build environment is sane
configure:2960: result: yes
configure:3022: checking for gawk
configure:3052: result: no
configure:3022: checking for mawk
configure:3038: found /usr/bin/mawk
configure:3049: result: mawk
configure:3060: checking whether make sets $(MAKE)
configure:3082: result: yes
configure:3255: checking how to create a ustar tar archive
configure:3268: tar --version
tar (GNU tar) 1.23
Copyright (C) 2010 Free Software Foundation, Inc.
License GPLv3+: GNU GPL version 3 or later <http://gnu.org/licenses/gpl.html>.
This is free software: you are free to change and redistribute it.
There is NO WARRANTY, to the extent permitted by law.

Written by John Gilmore and Jay Fenlason.
configure:3271: $? = 0
configure:3311: tardir=conftest.dir && eval tar --format=ustar -chf - "$tardir" >conftest.tar
configure:3314: $? = 0
configure:3318: tar -xf - <conftest.tar
configure:3321: $? = 0
configure:3334: result: gnutar
configure:3367: checking for style of include used by make
configure:3395: result: GNU
configure:3468: checking for gcc
configure:3484: found /usr/bin/gcc
configure:3495: result: gcc
configure:3724: checking for C compiler version
configure:3733: gcc --version >&5
gcc (Ubuntu/Linaro 4.4.4-14ubuntu5) 4.4.5
Copyright (C) 2010 Free Software Foundation, Inc.
This is free software; see the source for copying conditions.  There is NO
warranty; not even for MERCHANTABILITY or FITNESS FOR A PARTICULAR PURPOSE.

configure:3744: $? = 0
configure:3733: gcc -v >&5
Using built-in specs.
Target: i686-linux-gnu
Configured with: ../src/configure -v --with-pkgversion='Ubuntu/Linaro 4.4.4-14ubuntu5' --with-bugurl=file:///usr/share/doc/gcc-4.4/README.Bugs --enable-languages=c,c++,fortran,objc,obj-c++ --prefix=/usr --program-suffix=-4.4 --enable-shared --enable-multiarch --enable-linker-build-id --with-system-zlib --libexecdir=/usr/lib --without-included-gettext --enable-threads=posix --with-gxx-include-dir=/usr/include/c++/4.4 --libdir=/usr/lib --enable-nls --with-sysroot=/ --enable-clocale=gnu --enable-libstdcxx-debug --enable-objc-gc --enable-targets=all --disable-werror --with-arch-32=i686 --with-tune=generic --enable-checking=release --build=i686-linux-gnu --host=i686-linux-gnu --target=i686-linux-gnu
Thread model: posix
gcc version 4.4.5 (Ubuntu/Linaro 4.4.4-14ubuntu5) 
configure:3744: $? = 0
configure:3733: gcc -V >&5
gcc: '-V' option must have argument
configure:3744: $? = 1
configure:3733: gcc -qversion >&5
gcc: unrecognized option '-qversion'
gcc: no input files
configure:3744: $? = 1
configure:3764: checking whether the C compiler works
configure:3786: gcc    conftest.c  >&5
configure:3790: $? = 0
configure:3838: result: yes
configure:3841: checking for C compiler default output file name
configure:3843: result: a.out
configure:3849: checking for suffix of executables
configure:3856: gcc -o conftest    conftest.c  >&5
configure:3860: $? = 0
configure:3882: result: 
configure:3904: checking whether we are cross compiling
configure:3912: gcc -o conftest    conftest.c  >&5
configure:3916: $? = 0
configure:3923: ./conftest
configure:3927: $? = 0
configure:3942: result: no
configure:3947: checking for suffix of object files
configure:3969: gcc -c   conftest.c >&5
configure:3973: $? = 0
configure:3994: result: o
configure:3998: checking whether we are using the GNU C compiler
configure:4017: gcc -c   conftest.c >&5
configure:4017: $? = 0
configure:4026: result: yes
configure:4035: checking whether gcc accepts -g
configure:4055: gcc -c -g  conftest.c >&5
configure:4055: $? = 0
configure:4096: result: yes
configure:4113: checking for gcc option to accept ISO C89
configure:4177: gcc  -c -g -O2  conftest.c >&5
configure:4177: $? = 0
configure:4190: result: none needed
configure:4212: checking dependency style of gcc
configure:4302: result: gcc3
configure:4324: checking how to run the C preprocessor
configure:4355: gcc -E  conftest.c
configure:4355: $? = 0
configure:4369: gcc -E  conftest.c
conftest.c:11: fatal error: ac_nonexistent.h: No such file or directory
compilation terminated.
configure:4369: $? = 1
configure: failed program was:
| /* confdefs.h */
| #define PACKAGE_NAME ""
| #define PACKAGE_TARNAME ""
| #define PACKAGE_VERSION ""
| #define PACKAGE_STRING ""
| #define PACKAGE_BUGREPORT ""
| #define PACKAGE_URL ""
| #define PACKAGE "myDirectory"
| #define VERSION "3.3.0"
| /* end confdefs.h.  */
| #include <ac_nonexistent.h>
configure:4394: result: gcc -E
configure:4414: gcc -E  conftest.c
configure:4414: $? = 0
configure:4428: gcc -E  conftest.c
conftest.c:11: fatal error: ac_nonexistent.h: No such file or directory
compilation terminated.
configure:4428: $? = 1
configure: failed program was:
| /* confdefs.h */
| #define PACKAGE_NAME ""
| #define PACKAGE_TARNAME ""
| #define PACKAGE_VERSION ""
| #define PACKAGE_STRING ""
| #define PACKAGE_BUGREPORT ""
| #define PACKAGE_URL ""
| #define PACKAGE "myDirectory"
| #define VERSION "3.3.0"
| /* end confdefs.h.  */
| #include <ac_nonexistent.h>
configure:4458: checking for grep that handles long lines and -e
configure:4516: result: /bin/grep
configure:4521: checking for egrep
configure:4583: result: /bin/grep -E
configure:4588: checking for ANSI C header files
configure:4608: gcc -c -g -O2  conftest.c >&5
configure:4608: $? = 0
configure:4681: gcc -o conftest -g -O2   conftest.c  >&5
configure:4681: $? = 0
configure:4681: ./conftest
configure:4681: $? = 0
configure:4692: result: yes
configure:4705: checking for sys/types.h
configure:4705: gcc -c -g -O2  conftest.c >&5
configure:4705: $? = 0
configure:4705: result: yes
configure:4705: checking for sys/stat.h
configure:4705: gcc -c -g -O2  conftest.c >&5
configure:4705: $? = 0
configure:4705: result: yes
configure:4705: checking for stdlib.h
configure:4705: gcc -c -g -O2  conftest.c >&5
configure:4705: $? = 0
configure:4705: result: yes
configure:4705: checking for string.h
configure:4705: gcc -c -g -O2  conftest.c >&5
configure:4705: $? = 0
configure:4705: result: yes
configure:4705: checking for memory.h
configure:4705: gcc -c -g -O2  conftest.c >&5
configure:4705: $? = 0
configure:4705: result: yes
configure:4705: checking for strings.h
configure:4705: gcc -c -g -O2  conftest.c >&5
configure:4705: $? = 0
configure:4705: result: yes
configure:4705: checking for inttypes.h
configure:4705: gcc -c -g -O2  conftest.c >&5
configure:4705: $? = 0
configure:4705: result: yes
configure:4705: checking for stdint.h
configure:4705: gcc -c -g -O2  conftest.c >&5
configure:4705: $? = 0
configure:4705: result: yes
configure:4705: checking for unistd.h
configure:4705: gcc -c -g -O2  conftest.c >&5
configure:4705: $? = 0
configure:4705: result: yes
configure:4718: checking minix/config.h usability
configure:4718: gcc -c -g -O2  conftest.c >&5
conftest.c:54: fatal error: minix/config.h: No such file or directory
compilation terminated.
configure:4718: $? = 1
configure: failed program was:
| /* confdefs.h */
| #define PACKAGE_NAME ""
| #define PACKAGE_TARNAME ""
| #define PACKAGE_VERSION ""
| #define PACKAGE_STRING ""
| #define PACKAGE_BUGREPORT ""
| #define PACKAGE_URL ""
| #define PACKAGE "myDirectory"
| #define VERSION "3.3.0"
| #define STDC_HEADERS 1
| #define HAVE_SYS_TYPES_H 1
| #define HAVE_SYS_STAT_H 1
| #define HAVE_STDLIB_H 1
| #define HAVE_STRING_H 1
| #define HAVE_MEMORY_H 1
| #define HAVE_STRINGS_H 1
| #define HAVE_INTTYPES_H 1
| #define HAVE_STDINT_H 1
| #define HAVE_UNISTD_H 1
| /* end confdefs.h.  */
| #include <stdio.h>
| #ifdef HAVE_SYS_TYPES_H
| # include <sys/types.h>
| #endif
| #ifdef HAVE_SYS_STAT_H
| # include <sys/stat.h>
| #endif
| #ifdef STDC_HEADERS
| # include <stdlib.h>
| # include <stddef.h>
| #else
| # ifdef HAVE_STDLIB_H
| #  include <stdlib.h>
| # endif
| #endif
| #ifdef HAVE_STRING_H
| # if !defined STDC_HEADERS && defined HAVE_MEMORY_H
| #  include <memory.h>
| # endif
| # include <string.h>
| #endif
| #ifdef HAVE_STRINGS_H
| # include <strings.h>
| #endif
| #ifdef HAVE_INTTYPES_H
| # include <inttypes.h>
| #endif
| #ifdef HAVE_STDINT_H
| # include <stdint.h>
| #endif
| #ifdef HAVE_UNISTD_H
| # include <unistd.h>
| #endif
| #include <minix/config.h>
configure:4718: result: no
configure:4718: checking minix/config.h presence
configure:4718: gcc -E  conftest.c
conftest.c:21: fatal error: minix/config.h: No such file or directory
compilation terminated.
configure:4718: $? = 1
configure: failed program was:
| /* confdefs.h */
| #define PACKAGE_NAME ""
| #define PACKAGE_TARNAME ""
| #define PACKAGE_VERSION ""
| #define PACKAGE_STRING ""
| #define PACKAGE_BUGREPORT ""
| #define PACKAGE_URL ""
| #define PACKAGE "myDirectory"
| #define VERSION "3.3.0"
| #define STDC_HEADERS 1
| #define HAVE_SYS_TYPES_H 1
| #define HAVE_SYS_STAT_H 1
| #define HAVE_STDLIB_H 1
| #define HAVE_STRING_H 1
| #define HAVE_MEMORY_H 1
| #define HAVE_STRINGS_H 1
| #define HAVE_INTTYPES_H 1
| #define HAVE_STDINT_H 1
| #define HAVE_UNISTD_H 1
| /* end confdefs.h.  */
| #include <minix/config.h>
configure:4718: result: no
configure:4718: checking for minix/config.h
configure:4718: result: no
configure:4739: checking whether it is safe to define __EXTENSIONS__
configure:4757: gcc -c -g -O2  conftest.c >&5
configure:4757: $? = 0
configure:4764: result: yes
configure:4779: checking for library containing strerror
configure:4810: gcc -o conftest -g -O2   conftest.c  >&5
configure:4810: $? = 0
configure:4827: result: none required
configure:4895: checking for g++
configure:4911: found /usr/bin/g++
configure:4922: result: g++
configure:4949: checking for C++ compiler version
configure:4958: g++ --version >&5
g++ (Ubuntu/Linaro 4.4.4-14ubuntu5) 4.4.5
Copyright (C) 2010 Free Software Foundation, Inc.
This is free software; see the source for copying conditions.  There is NO
warranty; not even for MERCHANTABILITY or FITNESS FOR A PARTICULAR PURPOSE.

configure:4969: $? = 0
configure:4958: g++ -v >&5
Using built-in specs.
Target: i686-linux-gnu
Configured with: ../src/configure -v --with-pkgversion='Ubuntu/Linaro 4.4.4-14ubuntu5' --with-bugurl=file:///usr/share/doc/gcc-4.4/README.Bugs --enable-languages=c,c++,fortran,objc,obj-c++ --prefix=/usr --program-suffix=-4.4 --enable-shared --enable-multiarch --enable-linker-build-id --with-system-zlib --libexecdir=/usr/lib --without-included-gettext --enable-threads=posix --with-gxx-include-dir=/usr/include/c++/4.4 --libdir=/usr/lib --enable-nls --with-sysroot=/ --enable-clocale=gnu --enable-libstdcxx-debug --enable-objc-gc --enable-targets=all --disable-werror --with-arch-32=i686 --with-tune=generic --enable-checking=release --build=i686-linux-gnu --host=i686-linux-gnu --target=i686-linux-gnu
Thread model: posix
gcc version 4.4.5 (Ubuntu/Linaro 4.4.4-14ubuntu5) 
configure:4969: $? = 0
configure:4958: g++ -V >&5
g++: '-V' option must have argument
configure:4969: $? = 1
configure:4958: g++ -qversion >&5
g++: unrecognized option '-qversion'
g++: no input files
configure:4969: $? = 1
configure:4973: checking whether we are using the GNU C++ compiler
configure:4992: g++ -c   conftest.cpp >&5
configure:4992: $? = 0
configure:5001: result: yes
configure:5010: checking whether g++ accepts -g
configure:5030: g++ -c -g  conftest.cpp >&5
configure:5030: $? = 0
configure:5071: result: yes
configure:5096: checking dependency style of g++
configure:5186: result: gcc3
configure:5208: checking how to run the C++ preprocessor
configure:5235: g++ -E  conftest.cpp
configure:5235: $? = 0
configure:5249: g++ -E  conftest.cpp
conftest.cpp:26: fatal error: ac_nonexistent.h: No such file or directory
compilation terminated.
configure:5249: $? = 1
configure: failed program was:
| /* confdefs.h */
| #define PACKAGE_NAME ""
| #define PACKAGE_TARNAME ""
| #define PACKAGE_VERSION ""
| #define PACKAGE_STRING ""
| #define PACKAGE_BUGREPORT ""
| #define PACKAGE_URL ""
| #define PACKAGE "myDirectory"
| #define VERSION "3.3.0"
| #define STDC_HEADERS 1
| #define HAVE_SYS_TYPES_H 1
| #define HAVE_SYS_STAT_H 1
| #define HAVE_STDLIB_H 1
| #define HAVE_STRING_H 1
| #define HAVE_MEMORY_H 1
| #define HAVE_STRINGS_H 1
| #define HAVE_INTTYPES_H 1
| #define HAVE_STDINT_H 1
| #define HAVE_UNISTD_H 1
| #define __EXTENSIONS__ 1
| #define _ALL_SOURCE 1
| #define _GNU_SOURCE 1
| #define _POSIX_PTHREAD_SEMANTICS 1
| #define _TANDEM_SOURCE 1
| /* end confdefs.h.  */
| #include <ac_nonexistent.h>
configure:5274: result: g++ -E
configure:5294: g++ -E  conftest.cpp
configure:5294: $? = 0
configure:5308: g++ -E  conftest.cpp
conftest.cpp:26: fatal error: ac_nonexistent.h: No such file or directory
compilation terminated.
configure:5308: $? = 1
configure: failed program was:
| /* confdefs.h */
| #define PACKAGE_NAME ""
| #define PACKAGE_TARNAME ""
| #define PACKAGE_VERSION ""
| #define PACKAGE_STRING ""
| #define PACKAGE_BUGREPORT ""
| #define PACKAGE_URL ""
| #define PACKAGE "myDirectory"
| #define VERSION "3.3.0"
| #define STDC_HEADERS 1
| #define HAVE_SYS_TYPES_H 1
| #define HAVE_SYS_STAT_H 1
| #define HAVE_STDLIB_H 1
| #define HAVE_STRING_H 1
| #define HAVE_MEMORY_H 1
| #define HAVE_STRINGS_H 1
| #define HAVE_INTTYPES_H 1
| #define HAVE_STDINT_H 1
| #define HAVE_UNISTD_H 1
| #define __EXTENSIONS__ 1
| #define _ALL_SOURCE 1
| #define _GNU_SOURCE 1
| #define _POSIX_PTHREAD_SEMANTICS 1
| #define _TANDEM_SOURCE 1
| /* end confdefs.h.  */
| #include <ac_nonexistent.h>
configure:5350: checking whether C++ has std::isnan
configure:5365: g++ -c -g -O2  conftest.cpp >&5
configure:5365: $? = 0
configure:5366: result: yes
configure:5389: checking gr_libdir_suffix
configure:5420: result: 
configure:5424: checking whether to append 64 to libdir
configure:5432: result: no
configure:5468: checking whether gcc accepts -Wall
configure:5473: result: yes
configure:5468: checking whether gcc accepts -Werror-implicit-function-declaration
configure:5473: result: yes
configure:5490: checking whether g++ accepts -Wall
configure:5495: result: yes
configure:5490: checking whether g++ accepts -Woverloaded-virtual
configure:5495: result: yes
configure:5508: checking whether user wants gprof
configure:5518: result: no
configure:5573: checking whether user wants prof
configure:5583: result: no
configure:5644: checking whether ln -s works
configure:5648: result: yes
configure:5655: checking whether make sets $(MAKE)
configure:5677: result: yes
configure:5689: checking for rm
configure:5707: found /bin/rm
configure:5719: result: /bin/rm
configure:6116: checking for a sed that does not truncate output
configure:6180: result: /bin/sed
configure:6198: checking for fgrep
configure:6260: result: /bin/grep -F
configure:6295: checking for ld used by gcc
configure:6362: result: /usr/bin/ld
configure:6369: checking if the linker (/usr/bin/ld) is GNU ld
configure:6384: result: yes
configure:6396: checking for BSD- or MS-compatible name lister (nm)
configure:6445: result: /usr/bin/nm -B
configure:6563: checking the name lister (/usr/bin/nm -B) interface
configure:6570: gcc -c -g -O2  conftest.c >&5
configure:6573: /usr/bin/nm -B "conftest.o"
configure:6576: output
00000000 B some_variable
configure:6583: result: BSD nm
configure:6587: checking the maximum length of command line arguments
configure:6707: result: 805306365
configure:6724: checking whether the shell understands some XSI constructs
configure:6734: result: yes
configure:6738: checking whether the shell understands "+="
configure:6744: result: yes
configure:6779: checking for /usr/bin/ld option to reload object files
configure:6786: result: -r
configure:6855: checking for objdump
configure:6882: result: objdump
configure:6911: checking how to recognize dependent libraries
configure:7107: result: pass_all
configure:7167: checking for ar
configure:7183: found /usr/bin/ar
configure:7194: result: ar
configure:7272: checking for strip
configure:7288: found /usr/bin/strip
configure:7299: result: strip
configure:7371: checking for ranlib
configure:7387: found /usr/bin/ranlib
configure:7398: result: ranlib
configure:7488: checking command to parse /usr/bin/nm -B output from gcc object
configure:7606: gcc -c -g -O2  conftest.c >&5
configure:7609: $? = 0
configure:7613: /usr/bin/nm -B conftest.o \| sed -n -e 's/^.*[	 ]\([ABCDGIRSTW][ABCDGIRSTW]*\)[	 ][	 ]*\([_A-Za-z][_A-Za-z0-9]*\)$/\1 \2 \2/p' \> conftest.nm
configure:7616: $? = 0
configure:7670: gcc -o conftest -g -O2   conftest.c conftstm.o >&5
configure:7673: $? = 0
configure:7711: result: ok
configure:8516: checking for dlfcn.h
configure:8516: gcc -c -g -O2  conftest.c >&5
configure:8516: $? = 0
configure:8516: result: yes
configure:8641: checking for C++ compiler version
configure:8650: g++ --version >&5
g++ (Ubuntu/Linaro 4.4.4-14ubuntu5) 4.4.5
Copyright (C) 2010 Free Software Foundation, Inc.
This is free software; see the source for copying conditions.  There is NO
warranty; not even for MERCHANTABILITY or FITNESS FOR A PARTICULAR PURPOSE.

configure:8661: $? = 0
configure:8650: g++ -v >&5
Using built-in specs.
Target: i686-linux-gnu
Configured with: ../src/configure -v --with-pkgversion='Ubuntu/Linaro 4.4.4-14ubuntu5' --with-bugurl=file:///usr/share/doc/gcc-4.4/README.Bugs --enable-languages=c,c++,fortran,objc,obj-c++ --prefix=/usr --program-suffix=-4.4 --enable-shared --enable-multiarch --enable-linker-build-id --with-system-zlib --libexecdir=/usr/lib --without-included-gettext --enable-threads=posix --with-gxx-include-dir=/usr/include/c++/4.4 --libdir=/usr/lib --enable-nls --with-sysroot=/ --enable-clocale=gnu --enable-libstdcxx-debug --enable-objc-gc --enable-targets=all --disable-werror --with-arch-32=i686 --with-tune=generic --enable-checking=release --build=i686-linux-gnu --host=i686-linux-gnu --target=i686-linux-gnu
Thread model: posix
gcc version 4.4.5 (Ubuntu/Linaro 4.4.4-14ubuntu5) 
configure:8661: $? = 0
configure:8650: g++ -V >&5
g++: '-V' option must have argument
configure:8661: $? = 1
configure:8650: g++ -qversion >&5
g++: unrecognized option '-qversion'
g++: no input files
configure:8661: $? = 1
configure:8665: checking whether we are using the GNU C++ compiler
configure:8693: result: yes
configure:8702: checking whether g++ accepts -g
configure:8763: result: yes
configure:8788: checking dependency style of g++
configure:8878: result: gcc3
configure:8903: checking how to run the C++ preprocessor
configure:8969: result: g++ -E
configure:8989: g++ -E  conftest.cpp
configure:8989: $? = 0
configure:9003: g++ -E  conftest.cpp
conftest.cpp:28: fatal error: ac_nonexistent.h: No such file or directory
compilation terminated.
configure:9003: $? = 1
configure: failed program was:
| /* confdefs.h */
| #define PACKAGE_NAME ""
| #define PACKAGE_TARNAME ""
| #define PACKAGE_VERSION ""
| #define PACKAGE_STRING ""
| #define PACKAGE_BUGREPORT ""
| #define PACKAGE_URL ""
| #define PACKAGE "myDirectory"
| #define VERSION "3.3.0"
| #define STDC_HEADERS 1
| #define HAVE_SYS_TYPES_H 1
| #define HAVE_SYS_STAT_H 1
| #define HAVE_STDLIB_H 1
| #define HAVE_STRING_H 1
| #define HAVE_MEMORY_H 1
| #define HAVE_STRINGS_H 1
| #define HAVE_INTTYPES_H 1
| #define HAVE_STDINT_H 1
| #define HAVE_UNISTD_H 1
| #define __EXTENSIONS__ 1
| #define _ALL_SOURCE 1
| #define _GNU_SOURCE 1
| #define _POSIX_PTHREAD_SEMANTICS 1
| #define _TANDEM_SOURCE 1
| #define CXX_HAS_STD_ISNAN /**/
| #define HAVE_DLFCN_H 1
| /* end confdefs.h.  */
| #include <ac_nonexistent.h>
configure:9146: checking for objdir
configure:9161: result: .libs
configure:9457: checking if gcc supports -fno-rtti -fno-exceptions
configure:9475: gcc -c -g -O2  -fno-rtti -fno-exceptions conftest.c >&5
cc1: warning: command line option "-fno-rtti" is valid for C++/ObjC++ but not for C
configure:9479: $? = 0
configure:9492: result: no
configure:9512: checking for gcc option to produce PIC
configure:9784: result: -fPIC -DPIC
configure:9796: checking if gcc PIC flag -fPIC -DPIC works
configure:9814: gcc -c -g -O2  -fPIC -DPIC -DPIC conftest.c >&5
configure:9818: $? = 0
configure:9831: result: yes
configure:9855: checking if gcc static flag -static works
configure:9883: result: yes
configure:9898: checking if gcc supports -c -o file.o
configure:9919: gcc -c -g -O2  -o out/conftest2.o conftest.c >&5
configure:9923: $? = 0
configure:9945: result: yes
configure:9953: checking if gcc supports -c -o file.o
configure:10000: result: yes
configure:10033: checking whether the gcc linker (/usr/bin/ld) supports shared libraries
configure:11024: result: yes
configure:11061: checking whether -lc should be explicitly linked in
configure:11066: gcc -c -g -O2  conftest.c >&5
configure:11069: $? = 0
configure:11084: gcc -shared conftest.o  -v -Wl,-soname -Wl,conftest -o conftest 2\>\&1 \| /bin/grep  -lc  \>/dev/null 2\>\&1
configure:11087: $? = 0
configure:11099: result: no
configure:11263: checking dynamic linker characteristics
configure:11696: gcc -o conftest -g -O2   -Wl,-rpath -Wl,/foo conftest.c  >&5
configure:11696: $? = 0
configure:11926: result: GNU/Linux ld.so
configure:12028: checking how to hardcode library paths into programs
configure:12053: result: immediate
configure:12573: checking whether stripping libraries is possible
configure:12578: result: yes
configure:12613: checking if libtool supports shared libraries
configure:12615: result: yes
configure:12618: checking whether to build shared libraries
configure:12639: result: yes
configure:12642: checking whether to build static libraries
configure:12646: result: no
configure:12796: checking for ld used by g++
configure:12863: result: /usr/bin/ld
configure:12870: checking if the linker (/usr/bin/ld) is GNU ld
configure:12885: result: yes
configure:12940: checking whether the g++ linker (/usr/bin/ld) supports shared libraries
configure:13853: result: yes
configure:13881: g++ -c -g -O2  conftest.cpp >&5
configure:13884: $? = 0
configure:14066: checking for g++ option to produce PIC
configure:14383: result: -fPIC -DPIC
configure:14392: checking if g++ PIC flag -fPIC -DPIC works
configure:14410: g++ -c -g -O2  -fPIC -DPIC -DPIC conftest.cpp >&5
configure:14414: $? = 0
configure:14427: result: yes
configure:14448: checking if g++ static flag -static works
configure:14476: result: yes
configure:14488: checking if g++ supports -c -o file.o
configure:14509: g++ -c -g -O2  -o out/conftest2.o conftest.cpp >&5
configure:14513: $? = 0
configure:14535: result: yes
configure:14540: checking if g++ supports -c -o file.o
configure:14587: result: yes
configure:14617: checking whether the g++ linker (/usr/bin/ld) supports shared libraries
configure:14646: result: yes
configure:14783: checking dynamic linker characteristics
configure:15164: g++ -o conftest -g -O2   -Wl,-rpath -Wl,/foo conftest.cpp  >&5
configure:15164: $? = 0
configure:15394: result: GNU/Linux ld.so
configure:15445: checking how to hardcode library paths into programs
configure:15470: result: immediate
configure:15552: checking for python
configure:15570: found /usr/bin/python
configure:15582: result: /usr/bin/python
configure:15603: checking for python version
configure:15610: result: 2.6
configure:15622: checking for python platform
configure:15629: result: linux2
configure:15636: checking for python script directory
configure:15657: result: ${prefix}/lib/python2.6/dist-packages
configure:15666: checking for python extension module directory
configure:15687: result: ${exec_prefix}/lib/python2.6/dist-packages
configure:15732: checking for Python include path
configure:15748: result: /usr/include/python2.6
configure:15762: checking Python.h usability
configure:15762: gcc -c -g -O2  -I/usr/include/python2.6 conftest.c >&5
In file included from /usr/include/python2.6/Python.h:8,
                 from conftest.c:62:
/usr/include/python2.6/pyconfig.h:1031: warning: "_POSIX_C_SOURCE" redefined
/usr/include/features.h:162: note: this is the location of the previous definition
/usr/include/python2.6/pyconfig.h:1040: warning: "_XOPEN_SOURCE" redefined
/usr/include/features.h:164: note: this is the location of the previous definition
configure:15762: $? = 0
configure:15762: result: yes
configure:15762: checking Python.h presence
configure:15762: gcc -E  -I/usr/include/python2.6 conftest.c
configure:15762: $? = 0
configure:15762: result: yes
configure:15762: checking for Python.h
configure:15762: result: yes
configure:15838: checking for swig
configure:15854: found /usr/bin/swig
configure:15865: result: /usr/bin/swig
configure:15877: checking for SWIG version
configure:15881: result: 1.3.40
configure:15916: checking for ANSI C header files
configure:16020: result: yes
configure:16029: checking for an ANSI C-conforming const
configure:16094: gcc -c -g -O2  conftest.c >&5
configure:16094: $? = 0
configure:16101: result: yes
configure:16109: checking for inline
configure:16125: gcc -c -g -O2  conftest.c >&5
configure:16125: $? = 0
configure:16133: result: inline
configure:16151: checking for size_t
configure:16151: gcc -c -g -O2  conftest.c >&5
configure:16151: $? = 0
configure:16151: gcc -c -g -O2  conftest.c >&5
conftest.c: In function 'main':
conftest.c:67: error: expected expression before ')' token
configure:16151: $? = 1
configure: failed program was:
| /* confdefs.h */
| #define PACKAGE_NAME ""
| #define PACKAGE_TARNAME ""
| #define PACKAGE_VERSION ""
| #define PACKAGE_STRING ""
| #define PACKAGE_BUGREPORT ""
| #define PACKAGE_URL ""
| #define PACKAGE "myDirectory"
| #define VERSION "3.3.0"
| #define STDC_HEADERS 1
| #define HAVE_SYS_TYPES_H 1
| #define HAVE_SYS_STAT_H 1
| #define HAVE_STDLIB_H 1
| #define HAVE_STRING_H 1
| #define HAVE_MEMORY_H 1
| #define HAVE_STRINGS_H 1
| #define HAVE_INTTYPES_H 1
| #define HAVE_STDINT_H 1
| #define HAVE_UNISTD_H 1
| #define __EXTENSIONS__ 1
| #define _ALL_SOURCE 1
| #define _GNU_SOURCE 1
| #define _POSIX_PTHREAD_SEMANTICS 1
| #define _TANDEM_SOURCE 1
| #define CXX_HAS_STD_ISNAN /**/
| #define HAVE_DLFCN_H 1
| #define LT_OBJDIR ".libs/"
| #define HAVE_PYTHON_H 1
| #define STDC_HEADERS 1
| /* end confdefs.h.  */
| #include <stdio.h>
| #ifdef HAVE_SYS_TYPES_H
| # include <sys/types.h>
| #endif
| #ifdef HAVE_SYS_STAT_H
| # include <sys/stat.h>
| #endif
| #ifdef STDC_HEADERS
| # include <stdlib.h>
| # include <stddef.h>
| #else
| # ifdef HAVE_STDLIB_H
| #  include <stdlib.h>
| # endif
| #endif
| #ifdef HAVE_STRING_H
| # if !defined STDC_HEADERS && defined HAVE_MEMORY_H
| #  include <memory.h>
| # endif
| # include <string.h>
| #endif
| #ifdef HAVE_STRINGS_H
| # include <strings.h>
| #endif
| #ifdef HAVE_INTTYPES_H
| # include <inttypes.h>
| #endif
| #ifdef HAVE_STDINT_H
| # include <stdint.h>
| #endif
| #ifdef HAVE_UNISTD_H
| # include <unistd.h>
| #endif
| int
| main ()
| {
| if (sizeof ((size_t)))
| 	    return 0;
|   ;
|   return 0;
| }
configure:16151: result: yes
configure:16162: checking whether time.h and sys/time.h may both be included
configure:16182: gcc -c -g -O2  conftest.c >&5
configure:16182: $? = 0
configure:16189: result: yes
configure:16197: checking whether byte ordering is bigendian
configure:16212: gcc -c -g -O2  conftest.c >&5
conftest.c:33: error: expected '=', ',', ';', 'asm' or '__attribute__' before 'a'
configure:16212: $? = 1
configure: failed program was:
| /* confdefs.h */
| #define PACKAGE_NAME ""
| #define PACKAGE_TARNAME ""
| #define PACKAGE_VERSION ""
| #define PACKAGE_STRING ""
| #define PACKAGE_BUGREPORT ""
| #define PACKAGE_URL ""
| #define PACKAGE "myDirectory"
| #define VERSION "3.3.0"
| #define STDC_HEADERS 1
| #define HAVE_SYS_TYPES_H 1
| #define HAVE_SYS_STAT_H 1
| #define HAVE_STDLIB_H 1
| #define HAVE_STRING_H 1
| #define HAVE_MEMORY_H 1
| #define HAVE_STRINGS_H 1
| #define HAVE_INTTYPES_H 1
| #define HAVE_STDINT_H 1
| #define HAVE_UNISTD_H 1
| #define __EXTENSIONS__ 1
| #define _ALL_SOURCE 1
| #define _GNU_SOURCE 1
| #define _POSIX_PTHREAD_SEMANTICS 1
| #define _TANDEM_SOURCE 1
| #define CXX_HAS_STD_ISNAN /**/
| #define HAVE_DLFCN_H 1
| #define LT_OBJDIR ".libs/"
| #define HAVE_PYTHON_H 1
| #define STDC_HEADERS 1
| #define TIME_WITH_SYS_TIME 1
| /* end confdefs.h.  */
| #ifndef __APPLE_CC__
| 	       not a universal capable compiler
| 	     #endif
| 	     typedef int dummy;
| 
configure:16257: gcc -c -g -O2  conftest.c >&5
configure:16257: $? = 0
configure:16275: gcc -c -g -O2  conftest.c >&5
conftest.c: In function 'main':
conftest.c:39: error: 'not' undeclared (first use in this function)
conftest.c:39: error: (Each undeclared identifier is reported only once
conftest.c:39: error: for each function it appears in.)
conftest.c:39: error: expected ';' before 'big'
configure:16275: $? = 1
configure: failed program was:
| /* confdefs.h */
| #define PACKAGE_NAME ""
| #define PACKAGE_TARNAME ""
| #define PACKAGE_VERSION ""
| #define PACKAGE_STRING ""
| #define PACKAGE_BUGREPORT ""
| #define PACKAGE_URL ""
| #define PACKAGE "myDirectory"
| #define VERSION "3.3.0"
| #define STDC_HEADERS 1
| #define HAVE_SYS_TYPES_H 1
| #define HAVE_SYS_STAT_H 1
| #define HAVE_STDLIB_H 1
| #define HAVE_STRING_H 1
| #define HAVE_MEMORY_H 1
| #define HAVE_STRINGS_H 1
| #define HAVE_INTTYPES_H 1
| #define HAVE_STDINT_H 1
| #define HAVE_UNISTD_H 1
| #define __EXTENSIONS__ 1
| #define _ALL_SOURCE 1
| #define _GNU_SOURCE 1
| #define _POSIX_PTHREAD_SEMANTICS 1
| #define _TANDEM_SOURCE 1
| #define CXX_HAS_STD_ISNAN /**/
| #define HAVE_DLFCN_H 1
| #define LT_OBJDIR ".libs/"
| #define HAVE_PYTHON_H 1
| #define STDC_HEADERS 1
| #define TIME_WITH_SYS_TIME 1
| /* end confdefs.h.  */
| #include <sys/types.h>
| 		#include <sys/param.h>
| 
| int
| main ()
| {
| #if BYTE_ORDER != BIG_ENDIAN
| 		 not big endian
| 		#endif
| 
|   ;
|   return 0;
| }
configure:16403: result: no
configure:16427: checking for sys/types.h
configure:16427: result: yes
configure:16427: checking fcntl.h usability
configure:16427: gcc -c -g -O2  conftest.c >&5
configure:16427: $? = 0
configure:16427: result: yes
configure:16427: checking fcntl.h presence
configure:16427: gcc -E  conftest.c
configure:16427: $? = 0
configure:16427: result: yes
configure:16427: checking for fcntl.h
configure:16427: result: yes
configure:16427: checking io.h usability
configure:16427: gcc -c -g -O2  conftest.c >&5
conftest.c:67: fatal error: io.h: No such file or directory
compilation terminated.
configure:16427: $? = 1
configure: failed program was:
| /* confdefs.h */
| #define PACKAGE_NAME ""
| #define PACKAGE_TARNAME ""
| #define PACKAGE_VERSION ""
| #define PACKAGE_STRING ""
| #define PACKAGE_BUGREPORT ""
| #define PACKAGE_URL ""
| #define PACKAGE "myDirectory"
| #define VERSION "3.3.0"
| #define STDC_HEADERS 1
| #define HAVE_SYS_TYPES_H 1
| #define HAVE_SYS_STAT_H 1
| #define HAVE_STDLIB_H 1
| #define HAVE_STRING_H 1
| #define HAVE_MEMORY_H 1
| #define HAVE_STRINGS_H 1
| #define HAVE_INTTYPES_H 1
| #define HAVE_STDINT_H 1
| #define HAVE_UNISTD_H 1
| #define __EXTENSIONS__ 1
| #define _ALL_SOURCE 1
| #define _GNU_SOURCE 1
| #define _POSIX_PTHREAD_SEMANTICS 1
| #define _TANDEM_SOURCE 1
| #define CXX_HAS_STD_ISNAN /**/
| #define HAVE_DLFCN_H 1
| #define LT_OBJDIR ".libs/"
| #define HAVE_PYTHON_H 1
| #define STDC_HEADERS 1
| #define TIME_WITH_SYS_TIME 1
| #define HAVE_SYS_TYPES_H 1
| #define HAVE_FCNTL_H 1
| /* end confdefs.h.  */
| #include <stdio.h>
| #ifdef HAVE_SYS_TYPES_H
| # include <sys/types.h>
| #endif
| #ifdef HAVE_SYS_STAT_H
| # include <sys/stat.h>
| #endif
| #ifdef STDC_HEADERS
| # include <stdlib.h>
| # include <stddef.h>
| #else
| # ifdef HAVE_STDLIB_H
| #  include <stdlib.h>
| # endif
| #endif
| #ifdef HAVE_STRING_H
| # if !defined STDC_HEADERS && defined HAVE_MEMORY_H
| #  include <memory.h>
| # endif
| # include <string.h>
| #endif
| #ifdef HAVE_STRINGS_H
| # include <strings.h>
| #endif
| #ifdef HAVE_INTTYPES_H
| # include <inttypes.h>
| #endif
| #ifdef HAVE_STDINT_H
| # include <stdint.h>
| #endif
| #ifdef HAVE_UNISTD_H
| # include <unistd.h>
| #endif
| #include <io.h>
configure:16427: result: no
configure:16427: checking io.h presence
configure:16427: gcc -E  conftest.c
conftest.c:34: fatal error: io.h: No such file or directory
compilation terminated.
configure:16427: $? = 1
configure: failed program was:
| /* confdefs.h */
| #define PACKAGE_NAME ""
| #define PACKAGE_TARNAME ""
| #define PACKAGE_VERSION ""
| #define PACKAGE_STRING ""
| #define PACKAGE_BUGREPORT ""
| #define PACKAGE_URL ""
| #define PACKAGE "myDirectory"
| #define VERSION "3.3.0"
| #define STDC_HEADERS 1
| #define HAVE_SYS_TYPES_H 1
| #define HAVE_SYS_STAT_H 1
| #define HAVE_STDLIB_H 1
| #define HAVE_STRING_H 1
| #define HAVE_MEMORY_H 1
| #define HAVE_STRINGS_H 1
| #define HAVE_INTTYPES_H 1
| #define HAVE_STDINT_H 1
| #define HAVE_UNISTD_H 1
| #define __EXTENSIONS__ 1
| #define _ALL_SOURCE 1
| #define _GNU_SOURCE 1
| #define _POSIX_PTHREAD_SEMANTICS 1
| #define _TANDEM_SOURCE 1
| #define CXX_HAS_STD_ISNAN /**/
| #define HAVE_DLFCN_H 1
| #define LT_OBJDIR ".libs/"
| #define HAVE_PYTHON_H 1
| #define STDC_HEADERS 1
| #define TIME_WITH_SYS_TIME 1
| #define HAVE_SYS_TYPES_H 1
| #define HAVE_FCNTL_H 1
| /* end confdefs.h.  */
| #include <io.h>
configure:16427: result: no
configure:16427: checking for io.h
configure:16427: result: no
configure:16439: checking windows.h usability
configure:16439: gcc -c -g -O2  conftest.c >&5
conftest.c:67: fatal error: windows.h: No such file or directory
compilation terminated.
configure:16439: $? = 1
configure: failed program was:
| /* confdefs.h */
| #define PACKAGE_NAME ""
| #define PACKAGE_TARNAME ""
| #define PACKAGE_VERSION ""
| #define PACKAGE_STRING ""
| #define PACKAGE_BUGREPORT ""
| #define PACKAGE_URL ""
| #define PACKAGE "myDirectory"
| #define VERSION "3.3.0"
| #define STDC_HEADERS 1
| #define HAVE_SYS_TYPES_H 1
| #define HAVE_SYS_STAT_H 1
| #define HAVE_STDLIB_H 1
| #define HAVE_STRING_H 1
| #define HAVE_MEMORY_H 1
| #define HAVE_STRINGS_H 1
| #define HAVE_INTTYPES_H 1
| #define HAVE_STDINT_H 1
| #define HAVE_UNISTD_H 1
| #define __EXTENSIONS__ 1
| #define _ALL_SOURCE 1
| #define _GNU_SOURCE 1
| #define _POSIX_PTHREAD_SEMANTICS 1
| #define _TANDEM_SOURCE 1
| #define CXX_HAS_STD_ISNAN /**/
| #define HAVE_DLFCN_H 1
| #define LT_OBJDIR ".libs/"
| #define HAVE_PYTHON_H 1
| #define STDC_HEADERS 1
| #define TIME_WITH_SYS_TIME 1
| #define HAVE_SYS_TYPES_H 1
| #define HAVE_FCNTL_H 1
| /* end confdefs.h.  */
| #include <stdio.h>
| #ifdef HAVE_SYS_TYPES_H
| # include <sys/types.h>
| #endif
| #ifdef HAVE_SYS_STAT_H
| # include <sys/stat.h>
| #endif
| #ifdef STDC_HEADERS
| # include <stdlib.h>
| # include <stddef.h>
| #else
| # ifdef HAVE_STDLIB_H
| #  include <stdlib.h>
| # endif
| #endif
| #ifdef HAVE_STRING_H
| # if !defined STDC_HEADERS && defined HAVE_MEMORY_H
| #  include <memory.h>
| # endif
| # include <string.h>
| #endif
| #ifdef HAVE_STRINGS_H
| # include <strings.h>
| #endif
| #ifdef HAVE_INTTYPES_H
| # include <inttypes.h>
| #endif
| #ifdef HAVE_STDINT_H
| # include <stdint.h>
| #endif
| #ifdef HAVE_UNISTD_H
| # include <unistd.h>
| #endif
| #include <windows.h>
configure:16439: result: no
configure:16439: checking windows.h presence
configure:16439: gcc -E  conftest.c
conftest.c:34: fatal error: windows.h: No such file or directory
compilation terminated.
configure:16439: $? = 1
configure: failed program was:
| /* confdefs.h */
| #define PACKAGE_NAME ""
| #define PACKAGE_TARNAME ""
| #define PACKAGE_VERSION ""
| #define PACKAGE_STRING ""
| #define PACKAGE_BUGREPORT ""
| #define PACKAGE_URL ""
| #define PACKAGE "myDirectory"
| #define VERSION "3.3.0"
| #define STDC_HEADERS 1
| #define HAVE_SYS_TYPES_H 1
| #define HAVE_SYS_STAT_H 1
| #define HAVE_STDLIB_H 1
| #define HAVE_STRING_H 1
| #define HAVE_MEMORY_H 1
| #define HAVE_STRINGS_H 1
| #define HAVE_INTTYPES_H 1
| #define HAVE_STDINT_H 1
| #define HAVE_UNISTD_H 1
| #define __EXTENSIONS__ 1
| #define _ALL_SOURCE 1
| #define _GNU_SOURCE 1
| #define _POSIX_PTHREAD_SEMANTICS 1
| #define _TANDEM_SOURCE 1
| #define CXX_HAS_STD_ISNAN /**/
| #define HAVE_DLFCN_H 1
| #define LT_OBJDIR ".libs/"
| #define HAVE_PYTHON_H 1
| #define STDC_HEADERS 1
| #define TIME_WITH_SYS_TIME 1
| #define HAVE_SYS_TYPES_H 1
| #define HAVE_FCNTL_H 1
| /* end confdefs.h.  */
| #include <windows.h>
configure:16439: result: no
configure:16439: checking for windows.h
configure:16439: result: no
configure:16452: checking for winioctl.h
configure:16452: gcc -c -g -O2  conftest.c >&5
conftest.c:40: fatal error: winioctl.h: No such file or directory
compilation terminated.
configure:16452: $? = 1
configure: failed program was:
| /* confdefs.h */
| #define PACKAGE_NAME ""
| #define PACKAGE_TARNAME ""
| #define PACKAGE_VERSION ""
| #define PACKAGE_STRING ""
| #define PACKAGE_BUGREPORT ""
| #define PACKAGE_URL ""
| #define PACKAGE "myDirectory"
| #define VERSION "3.3.0"
| #define STDC_HEADERS 1
| #define HAVE_SYS_TYPES_H 1
| #define HAVE_SYS_STAT_H 1
| #define HAVE_STDLIB_H 1
| #define HAVE_STRING_H 1
| #define HAVE_MEMORY_H 1
| #define HAVE_STRINGS_H 1
| #define HAVE_INTTYPES_H 1
| #define HAVE_STDINT_H 1
| #define HAVE_UNISTD_H 1
| #define __EXTENSIONS__ 1
| #define _ALL_SOURCE 1
| #define _GNU_SOURCE 1
| #define _POSIX_PTHREAD_SEMANTICS 1
| #define _TANDEM_SOURCE 1
| #define CXX_HAS_STD_ISNAN /**/
| #define HAVE_DLFCN_H 1
| #define LT_OBJDIR ".libs/"
| #define HAVE_PYTHON_H 1
| #define STDC_HEADERS 1
| #define TIME_WITH_SYS_TIME 1
| #define HAVE_SYS_TYPES_H 1
| #define HAVE_FCNTL_H 1
| /* end confdefs.h.  */
| 
| 	#if HAVE_WINDOWS_H
| 	#include <windows.h>
| 	#endif
| 
| 
| #include <winioctl.h>
configure:16452: result: no
configure:16452: checking for winbase.h
configure:16452: gcc -c -g -O2  conftest.c >&5
conftest.c:40: fatal error: winbase.h: No such file or directory
compilation terminated.
configure:16452: $? = 1
configure: failed program was:
| /* confdefs.h */
| #define PACKAGE_NAME ""
| #define PACKAGE_TARNAME ""
| #define PACKAGE_VERSION ""
| #define PACKAGE_STRING ""
| #define PACKAGE_BUGREPORT ""
| #define PACKAGE_URL ""
| #define PACKAGE "myDirectory"
| #define VERSION "3.3.0"
| #define STDC_HEADERS 1
| #define HAVE_SYS_TYPES_H 1
| #define HAVE_SYS_STAT_H 1
| #define HAVE_STDLIB_H 1
| #define HAVE_STRING_H 1
| #define HAVE_MEMORY_H 1
| #define HAVE_STRINGS_H 1
| #define HAVE_INTTYPES_H 1
| #define HAVE_STDINT_H 1
| #define HAVE_UNISTD_H 1
| #define __EXTENSIONS__ 1
| #define _ALL_SOURCE 1
| #define _GNU_SOURCE 1
| #define _POSIX_PTHREAD_SEMANTICS 1
| #define _TANDEM_SOURCE 1
| #define CXX_HAS_STD_ISNAN /**/
| #define HAVE_DLFCN_H 1
| #define LT_OBJDIR ".libs/"
| #define HAVE_PYTHON_H 1
| #define STDC_HEADERS 1
| #define TIME_WITH_SYS_TIME 1
| #define HAVE_SYS_TYPES_H 1
| #define HAVE_FCNTL_H 1
| /* end confdefs.h.  */
| 
| 	#if HAVE_WINDOWS_H
| 	#include <windows.h>
| 	#endif
| 
| 
| #include <winbase.h>
configure:16452: result: no
configure:16471: checking for getopt
configure:16471: gcc -o conftest -g -O2   conftest.c  >&5
configure:16471: $? = 0
configure:16471: result: yes
configure:16471: checking for usleep
configure:16471: gcc -o conftest -g -O2   conftest.c  >&5
configure:16471: $? = 0
configure:16471: result: yes
configure:16471: checking for gettimeofday
configure:16471: gcc -o conftest -g -O2   conftest.c  >&5
configure:16471: $? = 0
configure:16471: result: yes
configure:16471: checking for nanosleep
configure:16471: gcc -o conftest -g -O2   conftest.c  >&5
configure:16471: $? = 0
configure:16471: result: yes
configure:16471: checking for rand
configure:16471: gcc -o conftest -g -O2   conftest.c  >&5
configure:16471: $? = 0
configure:16471: result: yes
configure:16471: checking for srand
configure:16471: gcc -o conftest -g -O2   conftest.c  >&5
configure:16471: $? = 0
configure:16471: result: yes
configure:16471: checking for random
configure:16471: gcc -o conftest -g -O2   conftest.c  >&5
configure:16471: $? = 0
configure:16471: result: yes
configure:16471: checking for srandom
configure:16471: gcc -o conftest -g -O2   conftest.c  >&5
configure:16471: $? = 0
configure:16471: result: yes
configure:16471: checking for sleep
configure:16471: gcc -o conftest -g -O2   conftest.c  >&5
configure:16471: $? = 0
configure:16471: result: yes
configure:16471: checking for sigaction
configure:16471: gcc -o conftest -g -O2   conftest.c  >&5
configure:16471: $? = 0
configure:16471: result: yes
configure:16480: checking for struct timezone
configure:16480: gcc -c -g -O2  conftest.c >&5
configure:16480: $? = 0
configure:16480: gcc -c -g -O2  conftest.c >&5
conftest.c: In function 'main':
conftest.c:63: error: expected expression before ')' token
configure:16480: $? = 1
configure: failed program was:
| /* confdefs.h */
| #define PACKAGE_NAME ""
| #define PACKAGE_TARNAME ""
| #define PACKAGE_VERSION ""
| #define PACKAGE_STRING ""
| #define PACKAGE_BUGREPORT ""
| #define PACKAGE_URL ""
| #define PACKAGE "myDirectory"
| #define VERSION "3.3.0"
| #define STDC_HEADERS 1
| #define HAVE_SYS_TYPES_H 1
| #define HAVE_SYS_STAT_H 1
| #define HAVE_STDLIB_H 1
| #define HAVE_STRING_H 1
| #define HAVE_MEMORY_H 1
| #define HAVE_STRINGS_H 1
| #define HAVE_INTTYPES_H 1
| #define HAVE_STDINT_H 1
| #define HAVE_UNISTD_H 1
| #define __EXTENSIONS__ 1
| #define _ALL_SOURCE 1
| #define _GNU_SOURCE 1
| #define _POSIX_PTHREAD_SEMANTICS 1
| #define _TANDEM_SOURCE 1
| #define CXX_HAS_STD_ISNAN /**/
| #define HAVE_DLFCN_H 1
| #define LT_OBJDIR ".libs/"
| #define HAVE_PYTHON_H 1
| #define STDC_HEADERS 1
| #define TIME_WITH_SYS_TIME 1
| #define HAVE_SYS_TYPES_H 1
| #define HAVE_FCNTL_H 1
| #define HAVE_GETOPT 1
| #define HAVE_USLEEP 1
| #define HAVE_GETTIMEOFDAY 1
| #define HAVE_NANOSLEEP 1
| #define HAVE_RAND 1
| #define HAVE_SRAND 1
| #define HAVE_RANDOM 1
| #define HAVE_SRANDOM 1
| #define HAVE_SLEEP 1
| #define HAVE_SIGACTION 1
| /* end confdefs.h.  */
| 
|      #if HAVE_SYS_TYPES_H
|      # include <sys/types.h>
|      #endif
|      #if TIME_WITH_SYS_TIME
|      # include <sys/time.h>
|      # include <time.h>
|      #else
|      # if HAVE_SYS_TIME_H
|      #  include <sys/time.h>
|      # else
|      #  include <time.h>
|      # endif
|      #endif
| 
| 
| int
| main ()
| {
| if (sizeof ((struct timezone)))
| 	    return 0;
|   ;
|   return 0;
| }
configure:16480: result: yes
configure:16504: checking for struct timespec
configure:16504: gcc -c -g -O2  conftest.c >&5
configure:16504: $? = 0
configure:16504: gcc -c -g -O2  conftest.c >&5
conftest.c: In function 'main':
conftest.c:64: error: expected expression before ')' token
configure:16504: $? = 1
configure: failed program was:
| /* confdefs.h */
| #define PACKAGE_NAME ""
| #define PACKAGE_TARNAME ""
| #define PACKAGE_VERSION ""
| #define PACKAGE_STRING ""
| #define PACKAGE_BUGREPORT ""
| #define PACKAGE_URL ""
| #define PACKAGE "myDirectory"
| #define VERSION "3.3.0"
| #define STDC_HEADERS 1
| #define HAVE_SYS_TYPES_H 1
| #define HAVE_SYS_STAT_H 1
| #define HAVE_STDLIB_H 1
| #define HAVE_STRING_H 1
| #define HAVE_MEMORY_H 1
| #define HAVE_STRINGS_H 1
| #define HAVE_INTTYPES_H 1
| #define HAVE_STDINT_H 1
| #define HAVE_UNISTD_H 1
| #define __EXTENSIONS__ 1
| #define _ALL_SOURCE 1
| #define _GNU_SOURCE 1
| #define _POSIX_PTHREAD_SEMANTICS 1
| #define _TANDEM_SOURCE 1
| #define CXX_HAS_STD_ISNAN /**/
| #define HAVE_DLFCN_H 1
| #define LT_OBJDIR ".libs/"
| #define HAVE_PYTHON_H 1
| #define STDC_HEADERS 1
| #define TIME_WITH_SYS_TIME 1
| #define HAVE_SYS_TYPES_H 1
| #define HAVE_FCNTL_H 1
| #define HAVE_GETOPT 1
| #define HAVE_USLEEP 1
| #define HAVE_GETTIMEOFDAY 1
| #define HAVE_NANOSLEEP 1
| #define HAVE_RAND 1
| #define HAVE_SRAND 1
| #define HAVE_RANDOM 1
| #define HAVE_SRANDOM 1
| #define HAVE_SLEEP 1
| #define HAVE_SIGACTION 1
| #define HAVE_STRUCT_TIMEZONE 1
| /* end confdefs.h.  */
| 
|      #if HAVE_SYS_TYPES_H
|      # include <sys/types.h>
|      #endif
|      #if TIME_WITH_SYS_TIME
|      # include <sys/time.h>
|      # include <time.h>
|      #else
|      # if HAVE_SYS_TIME_H
|      #  include <sys/time.h>
|      # else
|      #  include <time.h>
|      # endif
|      #endif
| 
| 
| int
| main ()
| {
| if (sizeof ((struct timespec)))
| 	    return 0;
|   ;
|   return 0;
| }
configure:16504: result: yes
configure:16528: checking for ssize_t
configure:16528: gcc -c -g -O2  conftest.c >&5
configure:16528: $? = 0
configure:16528: gcc -c -g -O2  conftest.c >&5
conftest.c: In function 'main':
conftest.c:65: error: expected expression before ')' token
configure:16528: $? = 1
configure: failed program was:
| /* confdefs.h */
| #define PACKAGE_NAME ""
| #define PACKAGE_TARNAME ""
| #define PACKAGE_VERSION ""
| #define PACKAGE_STRING ""
| #define PACKAGE_BUGREPORT ""
| #define PACKAGE_URL ""
| #define PACKAGE "myDirectory"
| #define VERSION "3.3.0"
| #define STDC_HEADERS 1
| #define HAVE_SYS_TYPES_H 1
| #define HAVE_SYS_STAT_H 1
| #define HAVE_STDLIB_H 1
| #define HAVE_STRING_H 1
| #define HAVE_MEMORY_H 1
| #define HAVE_STRINGS_H 1
| #define HAVE_INTTYPES_H 1
| #define HAVE_STDINT_H 1
| #define HAVE_UNISTD_H 1
| #define __EXTENSIONS__ 1
| #define _ALL_SOURCE 1
| #define _GNU_SOURCE 1
| #define _POSIX_PTHREAD_SEMANTICS 1
| #define _TANDEM_SOURCE 1
| #define CXX_HAS_STD_ISNAN /**/
| #define HAVE_DLFCN_H 1
| #define LT_OBJDIR ".libs/"
| #define HAVE_PYTHON_H 1
| #define STDC_HEADERS 1
| #define TIME_WITH_SYS_TIME 1
| #define HAVE_SYS_TYPES_H 1
| #define HAVE_FCNTL_H 1
| #define HAVE_GETOPT 1
| #define HAVE_USLEEP 1
| #define HAVE_GETTIMEOFDAY 1
| #define HAVE_NANOSLEEP 1
| #define HAVE_RAND 1
| #define HAVE_SRAND 1
| #define HAVE_RANDOM 1
| #define HAVE_SRANDOM 1
| #define HAVE_SLEEP 1
| #define HAVE_SIGACTION 1
| #define HAVE_STRUCT_TIMEZONE 1
| #define HAVE_STRUCT_TIMESPEC 1
| /* end confdefs.h.  */
| 
|      #if HAVE_SYS_TYPES_H
|      # include <sys/types.h>
|      #endif
|      #if TIME_WITH_SYS_TIME
|      # include <sys/time.h>
|      # include <time.h>
|      #else
|      # if HAVE_SYS_TIME_H
|      #  include <sys/time.h>
|      # else
|      #  include <time.h>
|      # endif
|      #endif
| 
| 
| int
| main ()
| {
| if (sizeof ((ssize_t)))
| 	    return 0;
|   ;
|   return 0;
| }
configure:16528: result: yes
configure:16554: checking for getopt
configure:16554: result: yes
configure:16567: checking for usleep
configure:16567: result: yes
configure:16580: checking for gettimeofday
configure:16580: result: yes
configure:16596: checking for Sleep
configure:16611: gcc -o conftest -g -O2   conftest.c  >&5
conftest.c:50: fatal error: windows.h: No such file or directory
compilation terminated.
configure:16611: $? = 1
configure: failed program was:
| /* confdefs.h */
| #define PACKAGE_NAME ""
| #define PACKAGE_TARNAME ""
| #define PACKAGE_VERSION ""
| #define PACKAGE_STRING ""
| #define PACKAGE_BUGREPORT ""
| #define PACKAGE_URL ""
| #define PACKAGE "myDirectory"
| #define VERSION "3.3.0"
| #define STDC_HEADERS 1
| #define HAVE_SYS_TYPES_H 1
| #define HAVE_SYS_STAT_H 1
| #define HAVE_STDLIB_H 1
| #define HAVE_STRING_H 1
| #define HAVE_MEMORY_H 1
| #define HAVE_STRINGS_H 1
| #define HAVE_INTTYPES_H 1
| #define HAVE_STDINT_H 1
| #define HAVE_UNISTD_H 1
| #define __EXTENSIONS__ 1
| #define _ALL_SOURCE 1
| #define _GNU_SOURCE 1
| #define _POSIX_PTHREAD_SEMANTICS 1
| #define _TANDEM_SOURCE 1
| #define CXX_HAS_STD_ISNAN /**/
| #define HAVE_DLFCN_H 1
| #define LT_OBJDIR ".libs/"
| #define HAVE_PYTHON_H 1
| #define STDC_HEADERS 1
| #define TIME_WITH_SYS_TIME 1
| #define HAVE_SYS_TYPES_H 1
| #define HAVE_FCNTL_H 1
| #define HAVE_GETOPT 1
| #define HAVE_USLEEP 1
| #define HAVE_GETTIMEOFDAY 1
| #define HAVE_NANOSLEEP 1
| #define HAVE_RAND 1
| #define HAVE_SRAND 1
| #define HAVE_RANDOM 1
| #define HAVE_SRANDOM 1
| #define HAVE_SLEEP 1
| #define HAVE_SIGACTION 1
| #define HAVE_STRUCT_TIMEZONE 1
| #define HAVE_STRUCT_TIMESPEC 1
| #define HAVE_SSIZE_T 1
| #define HAVE_GETOPT 1
| #define HAVE_USLEEP 1
| #define HAVE_GETTIMEOFDAY 1
| /* end confdefs.h.  */
|    #include <windows.h>
|                 #include <winbase.h>
| 
| int
| main ()
| {
|  Sleep(0);
|   ;
|   return 0;
| }
configure:16618: result: no
configure:16625: checking whether mkdir accepts only one arg
configure:16642: gcc -c -g -O2  conftest.c >&5
conftest.c: In function 'main':
conftest.c:57: error: too few arguments to function 'mkdir'
configure:16642: $? = 1
configure: failed program was:
| /* confdefs.h */
| #define PACKAGE_NAME ""
| #define PACKAGE_TARNAME ""
| #define PACKAGE_VERSION ""
| #define PACKAGE_STRING ""
| #define PACKAGE_BUGREPORT ""
| #define PACKAGE_URL ""
| #define PACKAGE "myDirectory"
| #define VERSION "3.3.0"
| #define STDC_HEADERS 1
| #define HAVE_SYS_TYPES_H 1
| #define HAVE_SYS_STAT_H 1
| #define HAVE_STDLIB_H 1
| #define HAVE_STRING_H 1
| #define HAVE_MEMORY_H 1
| #define HAVE_STRINGS_H 1
| #define HAVE_INTTYPES_H 1
| #define HAVE_STDINT_H 1
| #define HAVE_UNISTD_H 1
| #define __EXTENSIONS__ 1
| #define _ALL_SOURCE 1
| #define _GNU_SOURCE 1
| #define _POSIX_PTHREAD_SEMANTICS 1
| #define _TANDEM_SOURCE 1
| #define CXX_HAS_STD_ISNAN /**/
| #define HAVE_DLFCN_H 1
| #define LT_OBJDIR ".libs/"
| #define HAVE_PYTHON_H 1
| #define STDC_HEADERS 1
| #define TIME_WITH_SYS_TIME 1
| #define HAVE_SYS_TYPES_H 1
| #define HAVE_FCNTL_H 1
| #define HAVE_GETOPT 1
| #define HAVE_USLEEP 1
| #define HAVE_GETTIMEOFDAY 1
| #define HAVE_NANOSLEEP 1
| #define HAVE_RAND 1
| #define HAVE_SRAND 1
| #define HAVE_RANDOM 1
| #define HAVE_SRANDOM 1
| #define HAVE_SLEEP 1
| #define HAVE_SIGACTION 1
| #define HAVE_STRUCT_TIMEZONE 1
| #define HAVE_STRUCT_TIMESPEC 1
| #define HAVE_SSIZE_T 1
| #define HAVE_GETOPT 1
| #define HAVE_USLEEP 1
| #define HAVE_GETTIMEOFDAY 1
| /* end confdefs.h.  */
| #include <sys/types.h>
|        #include <sys/stat.h>
|        #include <fcntl.h>
| int
| main ()
| {
| 
|        mkdir("")
| 
|   ;
|   return 0;
| }
configure:16649: result: no
configure:16662: checking for xmlto
configure:16692: result: no
configure:16757: checking for pkg-config
configure:16775: found /usr/bin/pkg-config
configure:16787: result: /usr/bin/pkg-config
configure:16812: checking pkg-config is at least version 0.18
configure:16815: result: yes
configure:16826: checking for GNURADIO_CORE
configure:16834: $PKG_CONFIG --exists --print-errors "gnuradio-core >= 3"
configure:16837: $? = 0
configure:16874: $PKG_CONFIG --exists --print-errors "gnuradio-core >= 3"
configure:16877: $? = 0
configure:16894: $PKG_CONFIG --exists --print-errors "gnuradio-core >= 3"
configure:16897: $? = 0
configure:16964: result: yes
configure:16994: $PKG_CONFIG --exists --print-errors "cppunit"
configure:16997: $? = 0
configure:17001: checking for CPPUNIT
configure:17009: $PKG_CONFIG --exists --print-errors "cppunit >= 1.9.14"
configure:17012: $? = 0
configure:17049: $PKG_CONFIG --exists --print-errors "cppunit >= 1.9.14"
configure:17052: $? = 0
configure:17069: $PKG_CONFIG --exists --print-errors "cppunit >= 1.9.14"
configure:17072: $? = 0
configure:17139: result: yes
configure:17413: creating ./config.status

## ---------------- ##
## Cache variables. ##
## ---------------- ##

ac_cv_build=i686-pc-linux-gnu
ac_cv_c_bigendian=no
ac_cv_c_compiler_gnu=yes
ac_cv_c_const=yes
ac_cv_c_inline=inline
ac_cv_cxx_compiler_gnu=yes
ac_cv_env_CCASFLAGS_set=
ac_cv_env_CCASFLAGS_value=
ac_cv_env_CCAS_set=
ac_cv_env_CCAS_value=
ac_cv_env_CCC_set=
ac_cv_env_CCC_value=
ac_cv_env_CC_set=
ac_cv_env_CC_value=
ac_cv_env_CFLAGS_set=
ac_cv_env_CFLAGS_value=
ac_cv_env_CPPFLAGS_set=
ac_cv_env_CPPFLAGS_value=
ac_cv_env_CPPUNIT_CFLAGS_set=
ac_cv_env_CPPUNIT_CFLAGS_value=
ac_cv_env_CPPUNIT_INCLUDEDIR_set=
ac_cv_env_CPPUNIT_INCLUDEDIR_value=
ac_cv_env_CPPUNIT_LIBS_set=
ac_cv_env_CPPUNIT_LIBS_value=
ac_cv_env_CPP_set=
ac_cv_env_CPP_value=
ac_cv_env_CXXCPP_set=
ac_cv_env_CXXCPP_value=
ac_cv_env_CXXFLAGS_set=
ac_cv_env_CXXFLAGS_value=
ac_cv_env_CXX_set=
ac_cv_env_CXX_value=
ac_cv_env_GNURADIO_CORE_CFLAGS_set=
ac_cv_env_GNURADIO_CORE_CFLAGS_value=
ac_cv_env_GNURADIO_CORE_INCLUDEDIR_set=
ac_cv_env_GNURADIO_CORE_INCLUDEDIR_value=
ac_cv_env_GNURADIO_CORE_LIBS_set=
ac_cv_env_GNURADIO_CORE_LIBS_value=
ac_cv_env_LDFLAGS_set=
ac_cv_env_LDFLAGS_value=
ac_cv_env_LIBS_set=
ac_cv_env_LIBS_value=
ac_cv_env_PKG_CONFIG_set=
ac_cv_env_PKG_CONFIG_value=
ac_cv_env_build_alias_set=
ac_cv_env_build_alias_value=
ac_cv_env_host_alias_set=
ac_cv_env_host_alias_value=
ac_cv_env_target_alias_set=
ac_cv_env_target_alias_value=
ac_cv_func_getopt=yes
ac_cv_func_gettimeofday=yes
ac_cv_func_nanosleep=yes
ac_cv_func_rand=yes
ac_cv_func_random=yes
ac_cv_func_sigaction=yes
ac_cv_func_sleep=yes
ac_cv_func_srand=yes
ac_cv_func_srandom=yes
ac_cv_func_usleep=yes
ac_cv_header_Python_h=yes
ac_cv_header_dlfcn_h=yes
ac_cv_header_fcntl_h=yes
ac_cv_header_inttypes_h=yes
ac_cv_header_io_h=no
ac_cv_header_memory_h=yes
ac_cv_header_minix_config_h=no
ac_cv_header_stdc=yes
ac_cv_header_stdint_h=yes
ac_cv_header_stdlib_h=yes
ac_cv_header_string_h=yes
ac_cv_header_strings_h=yes
ac_cv_header_sys_stat_h=yes
ac_cv_header_sys_types_h=yes
ac_cv_header_time=yes
ac_cv_header_unistd_h=yes
ac_cv_header_winbase_h=no
ac_cv_header_windows_h=no
ac_cv_header_winioctl_h=no
ac_cv_host=i686-pc-linux-gnu
ac_cv_objext=o
ac_cv_path_EGREP='/bin/grep -E'
ac_cv_path_FGREP='/bin/grep -F'
ac_cv_path_GIT=/usr/bin/git
ac_cv_path_GREP=/bin/grep
ac_cv_path_PYTHON=/usr/bin/python
ac_cv_path_RM_PROG=/bin/rm
ac_cv_path_SED=/bin/sed
ac_cv_path_ac_pt_PKG_CONFIG=/usr/bin/pkg-config
ac_cv_path_install='/usr/bin/install -c'
ac_cv_prog_AWK=mawk
ac_cv_prog_CPP='gcc -E'
ac_cv_prog_CXXCPP='g++ -E'
ac_cv_prog_SWIG=/usr/bin/swig
ac_cv_prog_ac_ct_AR=ar
ac_cv_prog_ac_ct_CC=gcc
ac_cv_prog_ac_ct_CXX=g++
ac_cv_prog_ac_ct_OBJDUMP=objdump
ac_cv_prog_ac_ct_RANLIB=ranlib
ac_cv_prog_ac_ct_STRIP=strip
ac_cv_prog_cc_c89=
ac_cv_prog_cc_g=yes
ac_cv_prog_cxx_g=yes
ac_cv_prog_make_make_set=yes
ac_cv_safe_to_define___extensions__=yes
ac_cv_search_strerror='none required'
ac_cv_target=i686-pc-linux-gnu
ac_cv_type_size_t=yes
ac_cv_type_ssize_t=yes
ac_cv_type_struct_timespec=yes
ac_cv_type_struct_timezone=yes
am_cv_CC_dependencies_compiler_type=gcc3
am_cv_CXX_dependencies_compiler_type=gcc3
am_cv_prog_tar_ustar=gnutar
am_cv_python_platform=linux2
am_cv_python_pyexecdir='${exec_prefix}/lib/python2.6/dist-packages'
am_cv_python_pythondir='${prefix}/lib/python2.6/dist-packages'
am_cv_python_version=2.6
lt_cv_deplibs_check_method=pass_all
lt_cv_file_magic_cmd='$MAGIC_CMD'
lt_cv_file_magic_test_file=
lt_cv_ld_reload_flag=-r
lt_cv_nm_interface='BSD nm'
lt_cv_objdir=.libs
lt_cv_path_LD=/usr/bin/ld
lt_cv_path_LDCXX=/usr/bin/ld
lt_cv_path_NM='/usr/bin/nm -B'
lt_cv_prog_compiler_c_o=yes
lt_cv_prog_compiler_c_o_CXX=yes
lt_cv_prog_compiler_pic_works=yes
lt_cv_prog_compiler_pic_works_CXX=yes
lt_cv_prog_compiler_rtti_exceptions=no
lt_cv_prog_compiler_static_works=yes
lt_cv_prog_compiler_static_works_CXX=yes
lt_cv_prog_gnu_ld=yes
lt_cv_prog_gnu_ldcxx=yes
lt_cv_sys_global_symbol_pipe='sed -n -e '\''s/^.*[	 ]\([ABCDGIRSTW][ABCDGIRSTW]*\)[	 ][	 ]*\([_A-Za-z][_A-Za-z0-9]*\)$/\1 \2 \2/p'\'''
lt_cv_sys_global_symbol_to_c_name_address='sed -n -e '\''s/^: \([^ ]*\) $/  {\"\1\", (void *) 0},/p'\'' -e '\''s/^[ABCDGIRSTW]* \([^ ]*\) \([^ ]*\)$/  {"\2", (void *) \&\2},/p'\'''
lt_cv_sys_global_symbol_to_c_name_address_lib_prefix='sed -n -e '\''s/^: \([^ ]*\) $/  {\"\1\", (void *) 0},/p'\'' -e '\''s/^[ABCDGIRSTW]* \([^ ]*\) \(lib[^ ]*\)$/  {"\2", (void *) \&\2},/p'\'' -e '\''s/^[ABCDGIRSTW]* \([^ ]*\) \([^ ]*\)$/  {"lib\2", (void *) \&\2},/p'\'''
lt_cv_sys_global_symbol_to_cdecl='sed -n -e '\''s/^T .* \(.*\)$/extern int \1();/p'\'' -e '\''s/^[ABCDGIRSTW]* .* \(.*\)$/extern char \1;/p'\'''
lt_cv_sys_max_cmd_len=805306365
pkg_cv_CPPUNIT_CFLAGS=' '
pkg_cv_CPPUNIT_CPPFLAGS=
pkg_cv_CPPUNIT_INCLUDEDIR=/usr/include
pkg_cv_CPPUNIT_LIBS='-lcppunit -ldl  '
pkg_cv_GNURADIO_CORE_CFLAGS='-pthread -DOMNITHREAD_POSIX=1 -I/usr/include/gnuradio  '
pkg_cv_GNURADIO_CORE_CPPFLAGS=' -DOMNITHREAD_POSIX=1 -I/usr/include/gnuradio'
pkg_cv_GNURADIO_CORE_INCLUDEDIR=/usr/include/gnuradio
pkg_cv_GNURADIO_CORE_LIBS='-lgnuradio-core -lboost_thread-mt -lrt -lboost_date_time-mt -lgruel -lfftw3f -lgsl -lgslcblas -lm -lgromnithread  '

## ----------------- ##
## Output variables. ##
## ----------------- ##

ACLOCAL='${SHELL} /home/ankit/Desktop/gr-scilab-sbhs-w/missing --run aclocal-1.9'
AMDEPBACKSLASH='\'
AMDEP_FALSE='#'
AMDEP_TRUE=''
AMTAR='${SHELL} /home/ankit/Desktop/gr-scilab-sbhs-w/missing --run tar'
AR='ar'
AS='as'
AUTOCONF='${SHELL} /home/ankit/Desktop/gr-scilab-sbhs-w/missing --run autoconf'
AUTOHEADER='${SHELL} /home/ankit/Desktop/gr-scilab-sbhs-w/missing --run autoheader'
AUTOMAKE='${SHELL} /home/ankit/Desktop/gr-scilab-sbhs-w/missing --run automake-1.9'
AWK='mawk'
CC='gcc'
CCAS='gcc'
CCASFLAGS='-g -O2'
CCDEPMODE='depmode=gcc3'
CFLAGS='-g -O2'
CPP='gcc -E'
CPPFLAGS=''
CPPUNIT_CFLAGS=' '
CPPUNIT_CONFIG=''
CPPUNIT_CPPFLAGS=''
CPPUNIT_INCLUDEDIR='/usr/include'
CPPUNIT_LIBS='-lcppunit -ldl  '
CXX='g++'
CXXCPP='g++ -E'
CXXDEPMODE='depmode=gcc3'
CXXFLAGS='-g -O2'
CYGPATH_W='echo'
DEFS='-DHAVE_CONFIG_H'
DEPDIR='.deps'
DLLTOOL='dlltool'
DOCVER='3.3.0'
DSYMUTIL=''
DUMPBIN=''
ECHO_C=''
ECHO_N='-n'
ECHO_T=''
EGREP='/bin/grep -E'
EXEEXT=''
FGREP='/bin/grep -F'
GIT='/usr/bin/git'
GIT_COMMIT=''
GIT_DESCRIBE=''
GIT_SEQNO=''
GIT_TAG=''
GNURADIO_CORE_CFLAGS='-pthread -DOMNITHREAD_POSIX=1 -I/usr/include/gnuradio  '
GNURADIO_CORE_CPPFLAGS=' -DOMNITHREAD_POSIX=1 -I/usr/include/gnuradio'
GNURADIO_CORE_INCLUDEDIR='/usr/include/gnuradio'
GNURADIO_CORE_LIBS='-lgnuradio-core -lboost_thread-mt -lrt -lboost_date_time-mt -lgruel -lfftw3f -lgsl -lgslcblas -lm -lgromnithread  '
GREP='/bin/grep'
HAS_XMLTO_FALSE=''
HAS_XMLTO_TRUE='#'
INSTALL_DATA='${INSTALL} -m 644'
INSTALL_PROGRAM='${INSTALL}'
INSTALL_SCRIPT='${INSTALL}'
INSTALL_STRIP_PROGRAM='${SHELL} $(install_sh) -c -s'
LD='/usr/bin/ld'
LDFLAGS=''
LIBOBJS=''
LIBS=' -lgnuradio-core -lboost_thread-mt -lrt -lboost_date_time-mt -lgruel -lfftw3f -lgsl -lgslcblas -lm -lgromnithread  '
LIBTOOL='$(SHELL) $(top_builddir)/libtool'
LIBVER='3.3.0'
LIPO=''
LN_S='ln -s'
LTLIBOBJS=''
MAKEINFO='${SHELL} /home/ankit/Desktop/gr-scilab-sbhs-w/missing --run makeinfo'
NM='/usr/bin/nm -B'
NMEDIT=''
NO_UNDEFINED=''
OBJDUMP='objdump'
OBJEXT='o'
OTOOL64=''
OTOOL=''
PACKAGE='myDirectory'
PACKAGE_BUGREPORT=''
PACKAGE_NAME=''
PACKAGE_STRING=''
PACKAGE_TARNAME=''
PACKAGE_URL=''
PACKAGE_VERSION=''
PATH_SEPARATOR=':'
PKG_CONFIG='/usr/bin/pkg-config'
PYTHON='/usr/bin/python'
PYTHON_CPPFLAGS='-I/usr/include/python2.6'
PYTHON_EXEC_PREFIX='${exec_prefix}'
PYTHON_FALSE='#'
PYTHON_LDFLAGS=''
PYTHON_PLATFORM='linux2'
PYTHON_PREFIX='${prefix}'
PYTHON_TRUE=''
PYTHON_VERSION='2.6'
RANLIB='ranlib'
RELEASE='3.3.0'
RM_PROG='/bin/rm'
SED='/bin/sed'
SET_MAKE=''
SHELL='/bin/bash'
STRIP='strip'
SWIG='/usr/bin/swig -c++'
SWIG_PYTHON_CPPFLAGS='-I/usr/include/python2.6'
SWIG_PYTHON_LIB='-lswigpy'
SWIG_PYTHON_OPT='-python'
VERSION='3.3.0'
XMLTO=''
ac_ct_CC='gcc'
ac_ct_CXX='g++'
ac_ct_DUMPBIN=''
am__fastdepCC_FALSE='#'
am__fastdepCC_TRUE=''
am__fastdepCXX_FALSE='#'
am__fastdepCXX_TRUE=''
am__include='include'
am__leading_dot='.'
am__quote=''
am__tar='tar --format=ustar -chf - "$$tardir"'
am__untar='tar -xf -'
autoconf_default_CXXFLAGS='-g -O2'
bindir='${exec_prefix}/bin'
build='i686-pc-linux-gnu'
build_alias=''
build_cpu='i686'
build_os='linux-gnu'
build_vendor='pc'
datadir='${datarootdir}'
datarootdir='${prefix}/share'
docdir='${datarootdir}/doc/${PACKAGE}'
dvidir='${docdir}'
exec_prefix='${prefix}'
gr_libdir_suffix=''
host='i686-pc-linux-gnu'
host_alias=''
host_cpu='i686'
host_os='linux-gnu'
host_vendor='pc'
htmldir='${docdir}'
includedir='${prefix}/include'
infodir='${datarootdir}/info'
install_sh='/home/ankit/Desktop/gr-scilab-sbhs-w/install-sh'
lf_CFLAGS=' -Wall -Werror-implicit-function-declaration'
lf_CXXFLAGS=' -Wall -Woverloaded-virtual'
libdir='${exec_prefix}/lib'
libexecdir='${exec_prefix}/libexec'
localedir='${datarootdir}/locale'
localstatedir='${prefix}/var'
lt_ECHO='echo'
mandir='${datarootdir}/man'
mkdir_p='mkdir -p --'
oldincludedir='/usr/include'
pdfdir='${docdir}'
pkgpyexecdir='${pyexecdir}/myDirectory'
pkgpythondir='${pythondir}/myDirectory'
prefix='/usr/local'
program_transform_name='s,x,x,'
psdir='${docdir}'
pyexecdir='${exec_prefix}/lib/python2.6/dist-packages'
pythondir='${prefix}/lib/python2.6/dist-packages'
sbindir='${exec_prefix}/sbin'
sharedstatedir='${prefix}/com'
swig_CXXFLAGS='-g -O1 -Wno-strict-aliasing -Wno-parentheses'
sysconfdir='${prefix}/etc'
target='i686-pc-linux-gnu'
target_alias=''
target_cpu='i686'
target_os='linux-gnu'
target_vendor='pc'

## ----------- ##
## confdefs.h. ##
## ----------- ##

/* confdefs.h */
#define PACKAGE_NAME ""
#define PACKAGE_TARNAME ""
#define PACKAGE_VERSION ""
#define PACKAGE_STRING ""
#define PACKAGE_BUGREPORT ""
#define PACKAGE_URL ""
#define PACKAGE "myDirectory"
#define VERSION "3.3.0"
#define STDC_HEADERS 1
#define HAVE_SYS_TYPES_H 1
#define HAVE_SYS_STAT_H 1
#define HAVE_STDLIB_H 1
#define HAVE_STRING_H 1
#define HAVE_MEMORY_H 1
#define HAVE_STRINGS_H 1
#define HAVE_INTTYPES_H 1
#define HAVE_STDINT_H 1
#define HAVE_UNISTD_H 1
#define __EXTENSIONS__ 1
#define _ALL_SOURCE 1
#define _GNU_SOURCE 1
#define _POSIX_PTHREAD_SEMANTICS 1
#define _TANDEM_SOURCE 1
#define CXX_HAS_STD_ISNAN /**/
#define HAVE_DLFCN_H 1
#define LT_OBJDIR ".libs/"
#define HAVE_PYTHON_H 1
#define STDC_HEADERS 1
#define TIME_WITH_SYS_TIME 1
#define HAVE_SYS_TYPES_H 1
#define HAVE_FCNTL_H 1
#define HAVE_GETOPT 1
#define HAVE_USLEEP 1
#define HAVE_GETTIMEOFDAY 1
#define HAVE_NANOSLEEP 1
#define HAVE_RAND 1
#define HAVE_SRAND 1
#define HAVE_RANDOM 1
#define HAVE_SRANDOM 1
#define HAVE_SLEEP 1
#define HAVE_SIGACTION 1
#define HAVE_STRUCT_TIMEZONE 1
#define HAVE_STRUCT_TIMESPEC 1
#define HAVE_SSIZE_T 1
#define HAVE_GETOPT 1
#define HAVE_USLEEP 1
#define HAVE_GETTIMEOFDAY 1

configure: exit 0

## ---------------------- ##
## Running config.status. ##
## ---------------------- ##

This file was extended by config.status, which was
generated by GNU Autoconf 2.67.  Invocation command line was

  CONFIG_FILES    = 
  CONFIG_HEADERS  = 
  CONFIG_LINKS    = 
  CONFIG_COMMANDS = 
  $ ./config.status 

on ankit-HP

config.status:1215: creating Makefile
config.status:1215: creating apps/Makefile
config.status:1215: creating config/Makefile
config.status:1215: creating grc/Makefile
config.status:1215: creating lib/Makefile
config.status:1215: creating python/Makefile
config.status:1215: creating python/run_tests
config.status:1215: creating swig/Makefile
config.status:1215: creating config.h
config.status:1389: config.h is unchanged
config.status:1436: executing depfiles commands
config.status:1436: executing libtool commands
config.status:1436: executing run_tests commands

## ---------------------- ##
## Running config.status. ##
## ---------------------- ##

This file was extended by config.status, which was
generated by GNU Autoconf 2.67.  Invocation command line was

  CONFIG_FILES    = 
  CONFIG_HEADERS  = 
  CONFIG_LINKS    = 
  CONFIG_COMMANDS = 
  $ ./config.status config.h

on ankit-HP

config.status:1215: creating config.h
config.status:1389: config.h is unchanged

## ---------------------- ##
## Running config.status. ##
## ---------------------- ##

This file was extended by config.status, which was
generated by GNU Autoconf 2.67.  Invocation command line was

  CONFIG_FILES    = 
  CONFIG_HEADERS  = 
  CONFIG_LINKS    = 
  CONFIG_COMMANDS = 
  $ ./config.status swig/Makefile depfiles

on ankit-HP

config.status:1215: creating swig/Makefile
config.status:1436: executing depfiles commands
